mode: set
github.com/stanleychukwu17/devops-assignments/blob/main/backend/golang/task/0-deck-of-cards-application/deck/deck.go:13.22,20.29 4 0
github.com/stanleychukwu17/devops-assignments/blob/main/backend/golang/task/0-deck-of-cards-application/deck/deck.go:20.29,21.30 1 0
github.com/stanleychukwu17/devops-assignments/blob/main/backend/golang/task/0-deck-of-cards-application/deck/deck.go:21.30,23.4 1 0
github.com/stanleychukwu17/devops-assignments/blob/main/backend/golang/task/0-deck-of-cards-application/deck/deck.go:26.2,26.15 1 0
github.com/stanleychukwu17/devops-assignments/blob/main/backend/golang/task/0-deck-of-cards-application/deck/deck.go:29.23,30.25 1 0
github.com/stanleychukwu17/devops-assignments/blob/main/backend/golang/task/0-deck-of-cards-application/deck/deck.go:30.25,32.3 1 0
github.com/stanleychukwu17/devops-assignments/blob/main/backend/golang/task/0-deck-of-cards-application/deck/deck.go:33.2,33.20 1 0
github.com/stanleychukwu17/devops-assignments/blob/main/backend/golang/task/0-deck-of-cards-application/deck/deck.go:36.26,37.20 1 0
github.com/stanleychukwu17/devops-assignments/blob/main/backend/golang/task/0-deck-of-cards-application/deck/deck.go:37.20,40.3 2 0
github.com/stanleychukwu17/devops-assignments/blob/main/backend/golang/task/0-deck-of-cards-application/deck/deck.go:43.57,49.2 3 0
github.com/stanleychukwu17/devops-assignments/blob/main/backend/golang/task/0-deck-of-cards-application/deck/deck.go:51.47,59.16 6 0
github.com/stanleychukwu17/devops-assignments/blob/main/backend/golang/task/0-deck-of-cards-application/deck/deck.go:59.16,61.3 1 0
github.com/stanleychukwu17/devops-assignments/blob/main/backend/golang/task/0-deck-of-cards-application/deck/deck.go:64.46,66.16 2 0
github.com/stanleychukwu17/devops-assignments/blob/main/backend/golang/task/0-deck-of-cards-application/deck/deck.go:66.16,68.3 1 0
github.com/stanleychukwu17/devops-assignments/blob/main/backend/golang/task/0-deck-of-cards-application/deck/deck.go:70.2,74.16 4 0
github.com/stanleychukwu17/devops-assignments/blob/main/backend/golang/task/0-deck-of-cards-application/main.go:9.20,25.2 11 1
github.com/stanleychukwu17/devops-assignments/blob/main/backend/golang/task/0-deck-of-cards-application/main.go:27.13,29.2 1 0
github.com/stanleychukwu17/devops-assignments/blob/main/backend/golang/task/0-deck-of-cards-application/deck/deck.go:13.22,20.29 4 1
github.com/stanleychukwu17/devops-assignments/blob/main/backend/golang/task/0-deck-of-cards-application/deck/deck.go:20.29,21.30 1 1
github.com/stanleychukwu17/devops-assignments/blob/main/backend/golang/task/0-deck-of-cards-application/deck/deck.go:21.30,23.4 1 1
github.com/stanleychukwu17/devops-assignments/blob/main/backend/golang/task/0-deck-of-cards-application/deck/deck.go:26.2,26.15 1 1
github.com/stanleychukwu17/devops-assignments/blob/main/backend/golang/task/0-deck-of-cards-application/deck/deck.go:29.23,30.25 1 1
github.com/stanleychukwu17/devops-assignments/blob/main/backend/golang/task/0-deck-of-cards-application/deck/deck.go:30.25,32.3 1 1
github.com/stanleychukwu17/devops-assignments/blob/main/backend/golang/task/0-deck-of-cards-application/deck/deck.go:33.2,33.20 1 1
github.com/stanleychukwu17/devops-assignments/blob/main/backend/golang/task/0-deck-of-cards-application/deck/deck.go:36.26,37.20 1 1
github.com/stanleychukwu17/devops-assignments/blob/main/backend/golang/task/0-deck-of-cards-application/deck/deck.go:37.20,40.3 2 1
github.com/stanleychukwu17/devops-assignments/blob/main/backend/golang/task/0-deck-of-cards-application/deck/deck.go:43.57,49.2 3 1
github.com/stanleychukwu17/devops-assignments/blob/main/backend/golang/task/0-deck-of-cards-application/deck/deck.go:51.47,59.16 6 1
github.com/stanleychukwu17/devops-assignments/blob/main/backend/golang/task/0-deck-of-cards-application/deck/deck.go:59.16,61.3 1 0
github.com/stanleychukwu17/devops-assignments/blob/main/backend/golang/task/0-deck-of-cards-application/deck/deck.go:64.46,66.16 2 1
github.com/stanleychukwu17/devops-assignments/blob/main/backend/golang/task/0-deck-of-cards-application/deck/deck.go:66.16,68.3 1 0
github.com/stanleychukwu17/devops-assignments/blob/main/backend/golang/task/0-deck-of-cards-application/deck/deck.go:70.2,74.16 4 1
